<?xml version="1.0" encoding="UTF-8"?>
<robot generator="Robot 7.2.2 (Python 3.13.1 on win32)" generated="2025-03-31T10:25:22.434739" rpa="false" schemaversion="5">
<suite id="s1" name="Browser Demo" source="C:\KOULU\Koodi\Projekti_WEBDEV\tests\selenium_tests\browser_demo.robot">
<test id="s1-t1" name="Test Web Form" line="6">
<kw name="New Browser" owner="Browser">
<msg time="2025-03-31T10:25:22.545587" level="INFO">{"browser": "chromium", "headless": false, "chromiumSandbox": false, "devtools": false, "handleSIGHUP": true, "handleSIGINT": true, "handleSIGTERM": true, "slowMo": 0.0, "timeout": 30000.0, "tracesDir": "C:\\KOULU\\Koodi\\Projekti_WEBDEV\\tests\\selenium_tests\\browser\\traces\\temp\\2c7eff73-7790-449c-9454-7e67504d7332"}</msg>
<msg time="2025-03-31T10:25:22.568199" level="INFO">Starting Browser process C:\KOULU\Koodi\Projekti_WEBDEV\.venv\Lib\site-packages\Browser\wrapper\index.js using port 56523</msg>
<msg time="2025-03-31T10:25:22.568350" level="INFO">Node startup parameters: ['node', 'C:\\KOULU\\Koodi\\Projekti_WEBDEV\\.venv\\Lib\\site-packages\\Browser\\wrapper\\index.js', '56523']</msg>
<msg time="2025-03-31T10:25:23.347243" level="INFO">Successfully created browser with options: {"browser":"chromium","headless":false,"chromiumSandbox":false,"devtools":false,"handleSIGHUP":true,"handleSIGINT":true,"handleSIGTERM":true,"slowMo":0,"timeout":30000,"tracesDir":"C:\\KOULU\\Koodi\\Projekti_WEBDEV\\tests\\selenium_tests\\browser\\traces\\temp\\2c7eff73-7790-449c-9454-7e67504d7332"}</msg>
<arg>chromium</arg>
<arg>headless=No</arg>
<tag>BrowserControl</tag>
<tag>Setter</tag>
<doc>Create a new playwright Browser with specified options.</doc>
<status status="PASS" start="2025-03-31T10:25:22.545098" elapsed="0.802402"/>
</kw>
<kw name="New Page" owner="Browser">
<msg time="2025-03-31T10:25:23.829383" level="INFO">Successfully initialized new page object and opened url: https://www.selenium.dev/selenium/web/web-form.html</msg>
<msg time="2025-03-31T10:25:23.829451" level="INFO">No context was open. New context was automatically opened when this page is created.</msg>
<arg>https://www.selenium.dev/selenium/web/web-form.html</arg>
<tag>BrowserControl</tag>
<tag>Setter</tag>
<doc>Open a new Page.</doc>
<status status="PASS" start="2025-03-31T10:25:23.347969" elapsed="0.481619"/>
</kw>
<kw name="Get Title" owner="Browser">
<msg time="2025-03-31T10:25:23.836447" level="INFO">Title: 'Web form'</msg>
<arg>==</arg>
<arg>Web form</arg>
<tag>Assertion</tag>
<tag>Getter</tag>
<tag>PageContent</tag>
<doc>Returns the title of the current page.</doc>
<status status="PASS" start="2025-03-31T10:25:23.829872" elapsed="0.006723"/>
</kw>
<kw name="Type Text" owner="Browser">
<msg time="2025-03-31T10:25:23.837727" level="INFO">Types the text 'somebody@example.com' in the given field.</msg>
<arg>[name="my-text"]</arg>
<arg>${Username}</arg>
<arg>delay=0.05 s</arg>
<tag>PageContent</tag>
<tag>Setter</tag>
<doc>Types the given ``txt`` into the text field found by ``selector``.</doc>
<status status="PASS" start="2025-03-31T10:25:23.836899" elapsed="1.275465"/>
</kw>
<kw name="Type Secret" owner="Browser">
<arg>[name="my-password"]</arg>
<arg>$Password</arg>
<arg>delay=0.05 s</arg>
<tag>PageContent</tag>
<tag>Setter</tag>
<doc>Types the given secret from ``variable_name`` into the text field
found by ``selector``.</doc>
<status status="PASS" start="2025-03-31T10:25:25.112691" elapsed="0.766337"/>
</kw>
<kw name="Type Text" owner="Browser">
<msg time="2025-03-31T10:25:25.880117" level="INFO">Types the text 'Hello, Robot Framework!
How are you today?' in the given field.</msg>
<arg>[name="my-textarea"]</arg>
<arg>${Message}</arg>
<arg>delay=0.05 s</arg>
<tag>PageContent</tag>
<tag>Setter</tag>
<doc>Types the given ``txt`` into the text field found by ``selector``.</doc>
<status status="PASS" start="2025-03-31T10:25:25.879324" elapsed="2.625240"/>
</kw>
<kw name="Select Options By" owner="Browser">
<msg time="2025-03-31T10:25:28.505627" level="INFO">Selects the option(s) 3, delay=0.05 s by attribute SelectAttribute.value from element [name="my-select"].</msg>
<arg>[name="my-select"]</arg>
<arg>value</arg>
<arg>${DropdownValue}</arg>
<arg>delay=0.05 s</arg>
<tag>PageContent</tag>
<tag>Setter</tag>
<doc>Selects options from select element found by ``selector``.</doc>
<status status="PASS" start="2025-03-31T10:25:28.504885" elapsed="0.022967"/>
</kw>
<kw name="Type Text" owner="Browser">
<msg time="2025-03-31T10:25:28.529135" level="INFO">Types the text 'Seattle' in the given field.</msg>
<arg>[name="my-datalist"]</arg>
<arg>${DropdownDatalist}</arg>
<arg>delay=0.05 s</arg>
<tag>PageContent</tag>
<tag>Setter</tag>
<doc>Types the given ``txt`` into the text field found by ``selector``.</doc>
<status status="PASS" start="2025-03-31T10:25:28.528372" elapsed="0.440639"/>
</kw>
<kw name="Upload File By Selector" owner="Browser">
<arg>input[name="my-file"]</arg>
<arg>${FileToUpload}</arg>
<tag>PageContent</tag>
<tag>Setter</tag>
<doc>Uploads file from ``path`` to file input element matched by selector.</doc>
<status status="PASS" start="2025-03-31T10:25:28.969443" elapsed="0.014039"/>
</kw>
<kw name="Uncheck Checkbox" owner="Browser">
<arg>input[id="my-check-1"]</arg>
<tag>PageContent</tag>
<tag>Setter</tag>
<doc>Unchecks the checkbox found by ``selector``.</doc>
<status status="PASS" start="2025-03-31T10:25:28.983789" elapsed="0.018273"/>
</kw>
<kw name="Check Checkbox" owner="Browser">
<arg>input[id="my-check-2"]</arg>
<tag>PageContent</tag>
<tag>Setter</tag>
<doc>Checks the checkbox or selects radio button found by ``selector``.</doc>
<status status="PASS" start="2025-03-31T10:25:29.002411" elapsed="0.027531"/>
</kw>
<kw name="Click" owner="Browser">
<msg time="2025-03-31T10:25:29.030786" level="INFO">Clicks the element '[id="my-radio-2"]'.</msg>
<arg>[id="my-radio-2"]</arg>
<tag>PageContent</tag>
<tag>Setter</tag>
<doc>Simulates mouse click on the element found by ``selector``.</doc>
<status status="PASS" start="2025-03-31T10:25:29.030316" elapsed="0.019463"/>
</kw>
<kw name="Click" owner="Browser">
<msg time="2025-03-31T10:25:29.050837" level="INFO">Clicks the element '[name="my-colors"]'.</msg>
<arg>[name="my-colors"]</arg>
<tag>PageContent</tag>
<tag>Setter</tag>
<doc>Simulates mouse click on the element found by ``selector``.</doc>
<status status="PASS" start="2025-03-31T10:25:29.050156" elapsed="0.132304"/>
</kw>
<kw name="Click" owner="Browser">
<msg time="2025-03-31T10:25:29.183250" level="FAIL">ValueError: Argument 'button' got value 'delay=0.05 s' that cannot be converted to MouseButton: MouseButton does not have member 'delay=0.05 s'. Available: 'left', 'middle' and 'right'</msg>
<arg>[name="my-colors"]</arg>
<arg>delay=0.05 s</arg>
<tag>PageContent</tag>
<tag>Setter</tag>
<doc>Simulates mouse click on the element found by ``selector``.</doc>
<status status="FAIL" start="2025-03-31T10:25:29.182724" elapsed="0.011516">ValueError: Argument 'button' got value 'delay=0.05 s' that cannot be converted to MouseButton: MouseButton does not have member 'delay=0.05 s'. Available: 'left', 'middle' and 'right'</status>
</kw>
<kw name="Press Keys" owner="Browser">
<arg>[name="my-color"]</arg>
<arg>Arrow Up</arg>
<tag>PageContent</tag>
<tag>Setter</tag>
<doc>Types the given key combination into element found by ``selector``.</doc>
<status status="NOT RUN" start="2025-03-31T10:25:29.194493" elapsed="0.000138"/>
</kw>
<kw name="Press Keys" owner="Browser">
<arg>[name="my-color"]</arg>
<arg>ENTER</arg>
<tag>PageContent</tag>
<tag>Setter</tag>
<doc>Types the given key combination into element found by ``selector``.</doc>
<status status="NOT RUN" start="2025-03-31T10:25:29.194802" elapsed="0.000106"/>
</kw>
<kw name="Type Text" owner="Browser">
<arg>[name="my-date"]</arg>
<arg>6/21/1997</arg>
<arg>delay=0.05 s</arg>
<tag>PageContent</tag>
<tag>Setter</tag>
<doc>Types the given ``txt`` into the text field found by ``selector``.</doc>
<status status="NOT RUN" start="2025-03-31T10:25:29.195035" elapsed="0.000152"/>
</kw>
<kw name="Click" owner="Browser">
<arg>[id="my-radio-2"]</arg>
<tag>PageContent</tag>
<tag>Setter</tag>
<doc>Simulates mouse click on the element found by ``selector``.</doc>
<status status="NOT RUN" start="2025-03-31T10:25:29.195661" elapsed="0.000166"/>
</kw>
<kw name="Click" owner="Browser">
<arg>input[name="my-range"]</arg>
<tag>PageContent</tag>
<tag>Setter</tag>
<doc>Simulates mouse click on the element found by ``selector``.</doc>
<status status="NOT RUN" start="2025-03-31T10:25:29.196029" elapsed="0.000144"/>
</kw>
<kw name="Press Keys" owner="Browser">
<arg>input[name="my-range"]</arg>
<arg>Home</arg>
<tag>PageContent</tag>
<tag>Setter</tag>
<doc>Types the given key combination into element found by ``selector``.</doc>
<status status="NOT RUN" start="2025-03-31T10:25:29.196276" elapsed="0.000067"/>
</kw>
<kw name="Click With Options" owner="Browser">
<arg>button</arg>
<arg>delay=2 s</arg>
<tag>PageContent</tag>
<tag>Setter</tag>
<doc>Simulates mouse click on the element found by ``selector``.</doc>
<status status="NOT RUN" start="2025-03-31T10:25:29.196434" elapsed="0.000066"/>
</kw>
<kw name="Get Text" owner="Browser">
<arg>id=message</arg>
<arg>==</arg>
<arg>Received!</arg>
<tag>Assertion</tag>
<tag>Getter</tag>
<tag>PageContent</tag>
<doc>Returns text attribute of the element found by ``selector``.</doc>
<status status="NOT RUN" start="2025-03-31T10:25:29.196587" elapsed="0.000066"/>
</kw>
<msg time="2025-03-31T10:25:29.200602" level="INFO">Set timeout to: 10000</msg>
<status status="FAIL" start="2025-03-31T10:25:22.544474" elapsed="6.652336">ValueError: Argument 'button' got value 'delay=0.05 s' that cannot be converted to MouseButton: MouseButton does not have member 'delay=0.05 s'. Available: 'left', 'middle' and 'right'</status>
</test>
<status status="FAIL" start="2025-03-31T10:25:22.435677" elapsed="6.766533"/>
</suite>
<statistics>
<total>
<stat pass="0" fail="1" skip="0">All Tests</stat>
</total>
<tag>
</tag>
<suite>
<stat name="Browser Demo" id="s1" pass="0" fail="1" skip="0">Browser Demo</stat>
</suite>
</statistics>
<errors>
</errors>
</robot>
