<?xml version="1.0" encoding="UTF-8"?>
<robot generator="Robot 7.2.2 (Python 3.13.1 on win32)" generated="2025-04-13T14:32:09.933126" rpa="false" schemaversion="5">
<suite id="s1" name="Login crypt test" source="C:\KOULU\Koodi\Projekti_WEBDEV\tests\Login_crypt_test.robot">
<test id="s1-t1" name="Test Login Flow" line="7">
<kw name="New Browser" owner="Browser">
<msg time="2025-04-13T14:32:10.436928" level="INFO">{"browser": "chromium", "headless": false, "chromiumSandbox": false, "devtools": false, "handleSIGHUP": true, "handleSIGINT": true, "handleSIGTERM": true, "slowMo": 0.0, "timeout": 30000.0, "tracesDir": "C:\\KOULU\\Koodi\\Projekti_WEBDEV\\tests\\browser\\traces\\temp\\1634ed39-f3f0-4d81-b047-b6f031f9fdba"}</msg>
<msg time="2025-04-13T14:32:10.457514" level="INFO">Starting Browser process C:\KOULU\Koodi\Projekti_WEBDEV\.venv\Lib\site-packages\Browser\wrapper\index.js using port 56335</msg>
<msg time="2025-04-13T14:32:10.457685" level="INFO">Node startup parameters: ['node', 'C:\\KOULU\\Koodi\\Projekti_WEBDEV\\.venv\\Lib\\site-packages\\Browser\\wrapper\\index.js', '56335']</msg>
<msg time="2025-04-13T14:32:11.191909" level="INFO">Successfully created browser with options: {"browser":"chromium","headless":false,"chromiumSandbox":false,"devtools":false,"handleSIGHUP":true,"handleSIGINT":true,"handleSIGTERM":true,"slowMo":0,"timeout":30000,"tracesDir":"C:\\KOULU\\Koodi\\Projekti_WEBDEV\\tests\\browser\\traces\\temp\\1634ed39-f3f0-4d81-b047-b6f031f9fdba"}</msg>
<arg>chromium</arg>
<arg>headless=No</arg>
<tag>BrowserControl</tag>
<tag>Setter</tag>
<doc>Create a new playwright Browser with specified options.</doc>
<status status="PASS" start="2025-04-13T14:32:10.436165" elapsed="0.756015"/>
</kw>
<kw name="New Page" owner="Browser">
<msg time="2025-04-13T14:32:11.446938" level="INFO">Successfully initialized new page object and opened url: http://localhost:5173</msg>
<msg time="2025-04-13T14:32:11.447060" level="INFO">No context was open. New context was automatically opened when this page is created.</msg>
<arg>${URL}</arg>
<tag>BrowserControl</tag>
<tag>Setter</tag>
<doc>Open a new Page.</doc>
<status status="PASS" start="2025-04-13T14:32:11.192557" elapsed="0.254655"/>
</kw>
<kw name="Ensure Logged Out">
<kw name="Run Keyword And Return Status" owner="BuiltIn">
<kw name="Wait For Elements State" owner="Browser">
<msg time="2025-04-13T14:32:13.678758" level="INFO" html="true">&lt;/td&gt;&lt;/tr&gt;&lt;tr&gt;&lt;td colspan="3"&gt;&lt;a href="browser/screenshot/fail-screenshot-1.png" target="_blank"&gt;&lt;img src="browser/screenshot/fail-screenshot-1.png" width="800px"/&gt;&lt;/a&gt;</msg>
<msg time="2025-04-13T14:32:13.678894" level="INFO">See also file:///C:/KOULU/Koodi/Projekti_WEBDEV/tests/playwright-log-1744543930022403700.txt for additional details.</msg>
<msg time="2025-04-13T14:32:13.679211" level="FAIL">TimeoutError: locator.waitFor: Timeout 2000ms exceeded.
Call log:
  - waiting for locator('id=user-menu-trigger') to be visible
    9 × locator resolved to hidden &lt;div id="user-menu-trigger" class="user-menu-trigger"&gt;…&lt;/div&gt;
</msg>
<arg>id=user-menu-trigger</arg>
<arg>visible</arg>
<arg>timeout=2s</arg>
<tag>PageContent</tag>
<tag>Wait</tag>
<doc>Waits for the element found by ``selector`` to satisfy state option.</doc>
<status status="FAIL" start="2025-04-13T14:32:11.448694" elapsed="2.233216">TimeoutError: locator.waitFor: Timeout 2000ms exceeded.
Call log:
  - waiting for locator('id=user-menu-trigger') to be visible
    9 × locator resolved to hidden &lt;div id="user-menu-trigger" class="user-menu-trigger"&gt;…&lt;/div&gt;
</status>
</kw>
<msg time="2025-04-13T14:32:13.682034" level="INFO">${is_logged_in} = False</msg>
<var>${is_logged_in}</var>
<arg>Wait For Elements State</arg>
<arg>id=user-menu-trigger</arg>
<arg>visible</arg>
<arg>timeout=2s</arg>
<doc>Runs the given keyword with given arguments and returns the status as a Boolean value.</doc>
<status status="PASS" start="2025-04-13T14:32:11.448375" elapsed="2.233724"/>
</kw>
<kw name="Run Keyword If" owner="BuiltIn">
<arg>${is_logged_in}</arg>
<arg>Logout User</arg>
<doc>Runs the given keyword with the given arguments, if ``condition`` is true.</doc>
<status status="PASS" start="2025-04-13T14:32:13.682209" elapsed="0.000191"/>
</kw>
<status status="PASS" start="2025-04-13T14:32:11.447807" elapsed="2.234649"/>
</kw>
<kw name="Click" owner="Browser">
<msg time="2025-04-13T14:32:13.683106" level="INFO">Clicks the element 'id=login-button'.</msg>
<arg>id=login-button</arg>
<tag>PageContent</tag>
<tag>Setter</tag>
<doc>Simulates mouse click on the element found by ``selector``.</doc>
<status status="PASS" start="2025-04-13T14:32:13.682647" elapsed="0.023314"/>
</kw>
<kw name="Fill Text" owner="Browser">
<msg time="2025-04-13T14:32:13.707018" level="INFO">Fills the text '***' in the given field.</msg>
<arg>id=login-username</arg>
<arg>${username_crypted}</arg>
<tag>PageContent</tag>
<tag>Setter</tag>
<doc>Clears and fills the given ``txt`` into the text field found by ``selector``.</doc>
<status status="PASS" start="2025-04-13T14:32:13.706295" elapsed="0.010647"/>
</kw>
<kw name="Fill Text" owner="Browser">
<msg time="2025-04-13T14:32:13.717889" level="INFO">Fills the text '***' in the given field.</msg>
<arg>id=login-password</arg>
<arg>${password_crypted}</arg>
<tag>PageContent</tag>
<tag>Setter</tag>
<doc>Clears and fills the given ``txt`` into the text field found by ``selector``.</doc>
<status status="PASS" start="2025-04-13T14:32:13.717258" elapsed="0.008237"/>
</kw>
<kw name="Click" owner="Browser">
<msg time="2025-04-13T14:32:13.726391" level="INFO">Clicks the element 'css=form#login-form button[type="submit"]'.</msg>
<arg>css=form#login-form button[type="submit"]</arg>
<tag>PageContent</tag>
<tag>Setter</tag>
<doc>Simulates mouse click on the element found by ``selector``.</doc>
<status status="PASS" start="2025-04-13T14:32:13.725802" elapsed="0.807075"/>
</kw>
<msg time="2025-04-13T14:32:14.535741" level="INFO">Set timeout to: 10000</msg>
<status status="PASS" start="2025-04-13T14:32:10.433146" elapsed="4.100032"/>
</test>
<status status="PASS" start="2025-04-13T14:32:09.934202" elapsed="4.602334"/>
</suite>
<statistics>
<total>
<stat pass="1" fail="0" skip="0">All Tests</stat>
</total>
<tag>
</tag>
<suite>
<stat name="Login crypt test" id="s1" pass="1" fail="0" skip="0">Login crypt test</stat>
</suite>
</statistics>
<errors>
</errors>
</robot>
