<?xml version="1.0" encoding="UTF-8"?>
<robot generator="Robot 7.2.2 (Python 3.13.1 on win32)" generated="2025-04-04T14:27:18.113286" rpa="false" schemaversion="5">
<suite id="s1" name="Login crypt test" source="C:\KOULU\Koodi\Projekti_WEBDEV\tests\Login_crypt_test.robot">
<test id="s1-t1" name="Test Login Flow" line="7">
<kw name="New Browser" owner="Browser">
<msg time="2025-04-04T14:27:18.568298" level="INFO">{"browser": "chromium", "headless": false, "chromiumSandbox": false, "devtools": false, "handleSIGHUP": true, "handleSIGINT": true, "handleSIGTERM": true, "slowMo": 0.0, "timeout": 30000.0, "tracesDir": "C:\\KOULU\\Koodi\\Projekti_WEBDEV\\tests\\browser\\traces\\temp\\da0376a1-e85f-439a-96c3-cff1697f54dd"}</msg>
<msg time="2025-04-04T14:27:18.588412" level="INFO">Starting Browser process C:\KOULU\Koodi\Projekti_WEBDEV\.venv\Lib\site-packages\Browser\wrapper\index.js using port 62645</msg>
<msg time="2025-04-04T14:27:18.588561" level="INFO">Node startup parameters: ['node', 'C:\\KOULU\\Koodi\\Projekti_WEBDEV\\.venv\\Lib\\site-packages\\Browser\\wrapper\\index.js', '62645']</msg>
<msg time="2025-04-04T14:27:19.336436" level="INFO">Successfully created browser with options: {"browser":"chromium","headless":false,"chromiumSandbox":false,"devtools":false,"handleSIGHUP":true,"handleSIGINT":true,"handleSIGTERM":true,"slowMo":0,"timeout":30000,"tracesDir":"C:\\KOULU\\Koodi\\Projekti_WEBDEV\\tests\\browser\\traces\\temp\\da0376a1-e85f-439a-96c3-cff1697f54dd"}</msg>
<arg>chromium</arg>
<arg>headless=No</arg>
<tag>BrowserControl</tag>
<tag>Setter</tag>
<doc>Create a new playwright Browser with specified options.</doc>
<status status="PASS" start="2025-04-04T14:27:18.567657" elapsed="0.769055"/>
</kw>
<kw name="New Page" owner="Browser">
<msg time="2025-04-04T14:27:19.506956" level="INFO">Successfully initialized new page object and opened url: http://localhost:5173</msg>
<msg time="2025-04-04T14:27:19.507039" level="INFO">No context was open. New context was automatically opened when this page is created.</msg>
<arg>${URL}</arg>
<tag>BrowserControl</tag>
<tag>Setter</tag>
<doc>Open a new Page.</doc>
<status status="PASS" start="2025-04-04T14:27:19.337138" elapsed="0.170022"/>
</kw>
<kw name="Ensure Logged Out">
<kw name="Run Keyword And Return Status" owner="BuiltIn">
<kw name="Wait For Elements State" owner="Browser">
<msg time="2025-04-04T14:27:21.731176" level="INFO" html="true">&lt;/td&gt;&lt;/tr&gt;&lt;tr&gt;&lt;td colspan="3"&gt;&lt;a href="browser/screenshot/fail-screenshot-1.png" target="_blank"&gt;&lt;img src="browser/screenshot/fail-screenshot-1.png" width="800px"/&gt;&lt;/a&gt;</msg>
<msg time="2025-04-04T14:27:21.731333" level="INFO">See also file:///C:/KOULU/Koodi/Projekti_WEBDEV/tests/playwright-log-1743766038200425300.txt for additional details.</msg>
<msg time="2025-04-04T14:27:21.731681" level="FAIL">TimeoutError: locator.waitFor: Timeout 2000ms exceeded.
Call log:
  - waiting for locator('id=user-menu-trigger') to be visible
    9 × locator resolved to hidden &lt;div id="user-menu-trigger" class="user-menu-trigger"&gt;…&lt;/div&gt;
</msg>
<arg>id=user-menu-trigger</arg>
<arg>visible</arg>
<arg>timeout=2s</arg>
<tag>PageContent</tag>
<tag>Wait</tag>
<doc>Waits for the element found by ``selector`` to satisfy state option.</doc>
<status status="FAIL" start="2025-04-04T14:27:19.508305" elapsed="2.226824">TimeoutError: locator.waitFor: Timeout 2000ms exceeded.
Call log:
  - waiting for locator('id=user-menu-trigger') to be visible
    9 × locator resolved to hidden &lt;div id="user-menu-trigger" class="user-menu-trigger"&gt;…&lt;/div&gt;
</status>
</kw>
<msg time="2025-04-04T14:27:21.735281" level="INFO">${is_logged_in} = False</msg>
<var>${is_logged_in}</var>
<arg>Wait For Elements State</arg>
<arg>id=user-menu-trigger</arg>
<arg>visible</arg>
<arg>timeout=2s</arg>
<doc>Runs the given keyword with given arguments and returns the status as a Boolean value.</doc>
<status status="PASS" start="2025-04-04T14:27:19.507980" elapsed="2.227397"/>
</kw>
<kw name="Run Keyword If" owner="BuiltIn">
<arg>${is_logged_in}</arg>
<arg>Logout User</arg>
<doc>Runs the given keyword with the given arguments, if ``condition`` is true.</doc>
<status status="PASS" start="2025-04-04T14:27:21.735520" elapsed="0.000231"/>
</kw>
<status status="PASS" start="2025-04-04T14:27:19.507546" elapsed="2.228287"/>
</kw>
<kw name="Click" owner="Browser">
<msg time="2025-04-04T14:27:21.736528" level="INFO">Clicks the element 'id=login-button'.</msg>
<arg>id=login-button</arg>
<tag>PageContent</tag>
<tag>Setter</tag>
<doc>Simulates mouse click on the element found by ``selector``.</doc>
<status status="PASS" start="2025-04-04T14:27:21.736049" elapsed="0.023716"/>
</kw>
<kw name="Fill Text" owner="Browser">
<msg time="2025-04-04T14:27:21.760725" level="INFO">Fills the text '***' in the given field.</msg>
<arg>id=login-username</arg>
<arg>${username}</arg>
<tag>PageContent</tag>
<tag>Setter</tag>
<doc>Clears and fills the given ``txt`` into the text field found by ``selector``.</doc>
<status status="PASS" start="2025-04-04T14:27:21.760090" elapsed="0.010418"/>
</kw>
<kw name="Fill Text" owner="Browser">
<msg time="2025-04-04T14:27:21.771376" level="INFO">Fills the text '***' in the given field.</msg>
<arg>id=login-password</arg>
<arg>${password}</arg>
<tag>PageContent</tag>
<tag>Setter</tag>
<doc>Clears and fills the given ``txt`` into the text field found by ``selector``.</doc>
<status status="PASS" start="2025-04-04T14:27:21.770836" elapsed="0.009303"/>
</kw>
<kw name="Click" owner="Browser">
<msg time="2025-04-04T14:27:21.780952" level="INFO">Clicks the element 'css=form#login-form button[type="submit"]'.</msg>
<arg>css=form#login-form button[type="submit"]</arg>
<tag>PageContent</tag>
<tag>Setter</tag>
<doc>Simulates mouse click on the element found by ``selector``.</doc>
<status status="PASS" start="2025-04-04T14:27:21.780423" elapsed="0.828627"/>
</kw>
<msg time="2025-04-04T14:27:22.611827" level="INFO">Set timeout to: 10000</msg>
<status status="PASS" start="2025-04-04T14:27:18.565712" elapsed="4.043668"/>
</test>
<status status="PASS" start="2025-04-04T14:27:18.114227" elapsed="4.498304"/>
</suite>
<statistics>
<total>
<stat pass="1" fail="0" skip="0">All Tests</stat>
</total>
<tag>
</tag>
<suite>
<stat name="Login crypt test" id="s1" pass="1" fail="0" skip="0">Login crypt test</stat>
</suite>
</statistics>
<errors>
</errors>
</robot>
