<?xml version="1.0" encoding="UTF-8"?>
<robot generator="Robot 7.2.2 (Python 3.13.1 on win32)" generated="2025-03-27T18:13:32.721478" rpa="false" schemaversion="5">
<suite id="s1" name="Test Own" source="C:\KOULU\Koodi\Projekti_WEBDEV-2\tests\test_own.robot">
<test id="s1-t1" name="Test Login Flow" line="12">
<kw name="New Browser" owner="Browser">
<msg time="2025-03-27T18:13:32.835651" level="INFO">{"browser": "chromium", "headless": false, "chromiumSandbox": false, "devtools": false, "handleSIGHUP": true, "handleSIGINT": true, "handleSIGTERM": true, "slowMo": 0.0, "timeout": 30000.0, "tracesDir": "C:\\KOULU\\Koodi\\Projekti_WEBDEV-2\\tests\\browser\\traces\\temp\\04ece5a0-7d69-4c08-8469-72d3ffb75b5a"}</msg>
<msg time="2025-03-27T18:13:32.854554" level="INFO">Starting Browser process C:\KOULU\Koodi\Projekti_WEBDEV-2\.venv\Lib\site-packages\Browser\wrapper\index.js using port 50774</msg>
<msg time="2025-03-27T18:13:32.854706" level="INFO">Node startup parameters: ['node', 'C:\\KOULU\\Koodi\\Projekti_WEBDEV-2\\.venv\\Lib\\site-packages\\Browser\\wrapper\\index.js', '50774']</msg>
<arg>chromium</arg>
<arg>headless=No</arg>
<tag>BrowserControl</tag>
<tag>Setter</tag>
<doc>Create a new playwright Browser with specified options.</doc>
<status status="FAIL" start="2025-03-27T18:13:32.835143" elapsed="3.247900">Execution terminated by signal</status>
</kw>
<kw name="New Page" owner="Browser">
<arg>${URL}</arg>
<tag>BrowserControl</tag>
<tag>Setter</tag>
<doc>Open a new Page.</doc>
<status status="NOT RUN" start="2025-03-27T18:13:36.083634" elapsed="0.000231"/>
</kw>
<kw name="Wait For Elements State" owner="Browser">
<arg>css=header</arg>
<arg>visible</arg>
<arg>timeout=10s</arg>
<tag>PageContent</tag>
<tag>Wait</tag>
<doc>Waits for the element found by ``selector`` to satisfy state option.</doc>
<status status="NOT RUN" start="2025-03-27T18:13:36.084042" elapsed="0.000096"/>
</kw>
<kw name="Ensure Logged Out">
<status status="NOT RUN" start="2025-03-27T18:13:36.084418" elapsed="0.000094"/>
</kw>
<kw name="Click" owner="Browser">
<arg>id=login-button</arg>
<tag>PageContent</tag>
<tag>Setter</tag>
<doc>Simulates mouse click on the element found by ``selector``.</doc>
<status status="NOT RUN" start="2025-03-27T18:13:36.084612" elapsed="0.000077"/>
</kw>
<kw name="Fill Text" owner="Browser">
<arg>id=login-username</arg>
<arg>${USERNAME}</arg>
<tag>PageContent</tag>
<tag>Setter</tag>
<doc>Clears and fills the given ``txt`` into the text field found by ``selector``.</doc>
<status status="NOT RUN" start="2025-03-27T18:13:36.084788" elapsed="0.000075"/>
</kw>
<kw name="Fill Text" owner="Browser">
<arg>id=login-password</arg>
<arg>${USER_PASSWORD}</arg>
<tag>PageContent</tag>
<tag>Setter</tag>
<doc>Clears and fills the given ``txt`` into the text field found by ``selector``.</doc>
<status status="NOT RUN" start="2025-03-27T18:13:36.084957" elapsed="0.000072"/>
</kw>
<kw name="Click" owner="Browser">
<arg>css=form#login-form button[type="submit"]</arg>
<tag>PageContent</tag>
<tag>Setter</tag>
<doc>Simulates mouse click on the element found by ``selector``.</doc>
<status status="NOT RUN" start="2025-03-27T18:13:36.085121" elapsed="0.000076"/>
</kw>
<kw name="Wait For Elements State" owner="Browser">
<arg>id=user-greeting</arg>
<arg>visible</arg>
<arg>timeout=5s</arg>
<tag>PageContent</tag>
<tag>Wait</tag>
<doc>Waits for the element found by ``selector`` to satisfy state option.</doc>
<status status="NOT RUN" start="2025-03-27T18:13:36.085297" elapsed="0.000071"/>
</kw>
<kw name="Get Text" owner="Browser">
<arg>id=user-greeting</arg>
<arg>*=</arg>
<arg>Hei, ${USERNAME}</arg>
<tag>Assertion</tag>
<tag>Getter</tag>
<tag>PageContent</tag>
<doc>Returns text attribute of the element found by ``selector``.</doc>
<status status="NOT RUN" start="2025-03-27T18:13:36.085534" elapsed="0.000065"/>
</kw>
<msg time="2025-03-27T18:13:36.085820" level="INFO">Using previously saved or imported port 50774, skipping Browser process start</msg>
<errors>
<msg time="2025-03-27T18:13:37.430662" level="ERROR">Execution stopped by user.</msg>
</errors>
</robot>
